DEBUG:root:__main__
DEBUG:root:Generate Window
DEBUG:root:Set Layout
DEBUG:root:HBoxLayout
INFO:root:Closing Window...
DEBUG:root:__main__
DEBUG:root:Generate Window
DEBUG:root:Set Layout
DEBUG:root:HBoxLayout
INFO:root:Closing Window...
DEBUG:root:__main__
DEBUG:root:Generate Window
DEBUG:root:Set Layout
DEBUG:root:HBoxLayout
INFO:root:Closing Window...
DEBUG:root:__main__
DEBUG:root:Generate Window
DEBUG:root:Set Layout
DEBUG:root:HBoxLayout
INFO:root:Closing Window...
DEBUG:root:__main__
DEBUG:root:Generate Window
DEBUG:root:Set Layout
DEBUG:root:HBoxLayout
INFO:root:Closing Window...
